[debug] ----------------------------------------------------------------------
[debug] Command:      /home/ubuntu/.nvm/versions/node/v4.6.1/bin/node /home/ubuntu/.nvm/versions/node/v4.6.1/bin/firebase init
[debug] CLI Version:  3.4.0
[debug] Platform:     linux
[debug] Node Version: v4.6.1
[debug] Time:         Mon Mar 06 2017 00:29:04 GMT+0000 (UTC)
[debug] ----------------------------------------------------------------------
[debug] 
[debug] > command requires scopes: ["email","openid","https://www.googleapis.com/auth/cloudplatformprojects.readonly","https://www.googleapis.com/auth/firebase"]
[info] 
     ######## #### ########  ######## ########     ###     ######  ########
     ##        ##  ##     ## ##       ##     ##  ##   ##  ##       ##
     ######    ##  ########  ######   ########  #########  ######  ######
     ##        ##  ##    ##  ##       ##     ## ##     ##       ## ##
     ##       #### ##     ## ######## ########  ##     ##  ######  ########

You're about to initialize a Firebase project in this directory:

  /home/ubuntu/workspace/your-first-pwapp-master/work

[info] 
=== Project Setup
[info] 
[info] First, let's associate this project directory with a Firebase project.
[info] You can create multiple project aliases by running firebase use --add, 
[info] but for now we'll just set up a default project.
[info] 
[debug] >>> HTTP REQUEST GET https://admin.firebase.com/v1/projects  
 Mon Mar 06 2017 00:30:44 GMT+0000 (UTC)
[debug] <<< HTTP RESPONSE 200
[info] 
=== Database Setup
[info] 
[info] Firebase Realtime Database Rules allow you to define how your data should be
[info] structured and when your data can be read from and written to.
[info] 
[debug] >>> HTTP REQUEST GET https://weather-app-7942a.firebaseio.com/.settings/rules.json  
 Mon Mar 06 2017 00:31:14 GMT+0000 (UTC)
[debug] <<< HTTP RESPONSE 200
[info] ✔  Database Rules for weather-app-7942a have been downloaded to database.rules.json.
[info] Future modifications to database.rules.json will update Database Rules when you run
[info] firebase deploy.
[info] 
=== Hosting Setup
[info] 
[info] Your public directory is the folder (relative to your project directory) that
[info] will contain Hosting assets to be uploaded with firebase deploy. If you
[info] have a build process for your assets, use your build's output directory.
[info] 
